0 info it worked if it ends with ok
1 verbose cli [ 'C:\\Program Files (x86)\\nodejs\\\\node.exe',
1 verbose cli   'C:\\Program Files (x86)\\nodejs\\node_modules\\npm\\bin\\npm-cli.js',
1 verbose cli   'publish' ]
2 info using npm@1.4.28
3 info using node@v0.10.33
4 verbose node symlink C:\Program Files (x86)\nodejs\\node.exe
5 verbose publish [ '.' ]
6 verbose cache add [ '.', null ]
7 verbose cache add name=undefined spec="." args=[".",null]
8 verbose parsed url { protocol: null,
8 verbose parsed url   slashes: null,
8 verbose parsed url   auth: null,
8 verbose parsed url   host: null,
8 verbose parsed url   port: null,
8 verbose parsed url   hostname: null,
8 verbose parsed url   hash: null,
8 verbose parsed url   search: null,
8 verbose parsed url   query: null,
8 verbose parsed url   pathname: '.',
8 verbose parsed url   path: '.',
8 verbose parsed url   href: '.' }
9 silly lockFile 3a52ce78- .
10 verbose lock . C:\Users\Scott\AppData\Roaming\npm-cache\3a52ce78-.lock
11 verbose tar pack [ 'C:\\Users\\Scott\\AppData\\Roaming\\npm-cache\\jquery-gotop\\1.0.2\\package.tgz',
11 verbose tar pack   '.' ]
12 verbose tarball C:\Users\Scott\AppData\Roaming\npm-cache\jquery-gotop\1.0.2\package.tgz
13 verbose folder .
14 info prepublish jquery-gotop@1.0.2
15 silly lockFile 1f1177db-tar tar://.
16 verbose lock tar://. C:\Users\Scott\AppData\Roaming\npm-cache\1f1177db-tar.lock
17 silly lockFile 6eda39d9-e-jquery-gotop-1-0-2-package-tgz tar://C:\Users\Scott\AppData\Roaming\npm-cache\jquery-gotop\1.0.2\package.tgz
18 verbose lock tar://C:\Users\Scott\AppData\Roaming\npm-cache\jquery-gotop\1.0.2\package.tgz C:\Users\Scott\AppData\Roaming\npm-cache\6eda39d9-e-jquery-gotop-1-0-2-package-tgz.lock
19 silly lockFile 1f1177db-tar tar://.
20 silly lockFile 1f1177db-tar tar://.
21 silly lockFile 6eda39d9-e-jquery-gotop-1-0-2-package-tgz tar://C:\Users\Scott\AppData\Roaming\npm-cache\jquery-gotop\1.0.2\package.tgz
22 silly lockFile 6eda39d9-e-jquery-gotop-1-0-2-package-tgz tar://C:\Users\Scott\AppData\Roaming\npm-cache\jquery-gotop\1.0.2\package.tgz
23 silly lockFile 2db04675-cache-jquery-gotop-1-0-2-package C:\Users\Scott\AppData\Roaming\npm-cache\jquery-gotop\1.0.2\package
24 verbose lock C:\Users\Scott\AppData\Roaming\npm-cache\jquery-gotop\1.0.2\package C:\Users\Scott\AppData\Roaming\npm-cache\2db04675-cache-jquery-gotop-1-0-2-package.lock
25 silly lockFile 2db04675-cache-jquery-gotop-1-0-2-package C:\Users\Scott\AppData\Roaming\npm-cache\jquery-gotop\1.0.2\package
26 silly lockFile 2db04675-cache-jquery-gotop-1-0-2-package C:\Users\Scott\AppData\Roaming\npm-cache\jquery-gotop\1.0.2\package
27 silly lockFile 3a52ce78- .
28 silly lockFile 3a52ce78- .
29 silly publish { author: { name: 'Scott Dorman', url: 'https://github.com/scottdorman' },
29 silly publish   browserDependencies: { jquery: '>=1.6', bootstrap: '>=3.0.0' },
29 silly publish   bugs: { url: 'https://github.com/scottdorman/jquery-gotop/issues' },
29 silly publish   description: 'goTop is a <2kb Scroll to Top jQuery plugin.',
29 silly publish   homepage: 'https://github.com/scottdorman/jquery-gotop',
29 silly publish   keywords:
29 silly publish    [ 'jquery-plugin',
29 silly publish      'scroll',
29 silly publish      'scrolltop',
29 silly publish      'backtotop',
29 silly publish      'scrolltotop',
29 silly publish      'goup',
29 silly publish      'gotop' ],
29 silly publish   licenses:
29 silly publish    [ { type: 'MIT',
29 silly publish        url: 'http://www.opensource.org/licenses/mit-license.php' } ],
29 silly publish   main: 'src/jquery.gotop.js',
29 silly publish   name: 'jquery-gotop',
29 silly publish   repository:
29 silly publish    { type: 'git',
29 silly publish      url: 'https://github.com/scottdorman/jquery-gotop.git' },
29 silly publish   version: '1.0.2',
29 silly publish   readme: '# jquery-gotop\r\ngoTop is a &lt;2kb Scroll to Top jQuery plugin.\r\n',
29 silly publish   readmeFilename: 'README.md',
29 silly publish   gitHead: 'cc6de5364d942ed6bd44178938b5e9bbf024045a',
29 silly publish   _id: 'jquery-gotop@1.0.2',
29 silly publish   scripts: {},
29 silly publish   _shasum: 'cd6327527b3cb7553c8c2052aece3a5b3b5c2aa6',
29 silly publish   _from: '.' }
30 verbose request where is /jquery-gotop
31 verbose request registry https://registry.npmjs.org/
32 verbose request id 250c9eb06f9d2923
33 verbose url raw /jquery-gotop
34 verbose url resolving [ 'https://registry.npmjs.org/', './jquery-gotop' ]
35 verbose url resolved https://registry.npmjs.org/jquery-gotop
36 verbose request where is https://registry.npmjs.org/jquery-gotop
37 info trying registry request attempt 1 at 16:59:16
38 http PUT https://registry.npmjs.org/jquery-gotop
39 http 403 https://registry.npmjs.org/jquery-gotop
40 verbose headers { 'content-type': 'application/json',
40 verbose headers   'cache-control': 'max-age=60',
40 verbose headers   'content-length': '95',
40 verbose headers   'accept-ranges': 'bytes',
40 verbose headers   date: 'Thu, 28 May 2015 20:59:18 GMT',
40 verbose headers   via: '1.1 varnish',
40 verbose headers   connection: 'keep-alive',
40 verbose headers   'x-served-by': 'cache-iad2132-IAD',
40 verbose headers   'x-cache': 'MISS',
40 verbose headers   'x-cache-hits': '0',
40 verbose headers   'x-timer': 'S1432846758.057578,VS0,VE388' }
41 error publish Failed PUT 403
42 error Error: "You cannot publish over the previously published version 1.0.2." : jquery-gotop
42 error     at RegClient.<anonymous> (C:\Program Files (x86)\nodejs\node_modules\npm\node_modules\npm-registry-client\lib\request.js:308:14)
42 error     at Request._callback (C:\Program Files (x86)\nodejs\node_modules\npm\node_modules\npm-registry-client\lib\request.js:246:65)
42 error     at Request.self.callback (C:\Program Files (x86)\nodejs\node_modules\npm\node_modules\request\request.js:236:22)
42 error     at Request.emit (events.js:98:17)
42 error     at Request.<anonymous> (C:\Program Files (x86)\nodejs\node_modules\npm\node_modules\request\request.js:1142:14)
42 error     at Request.emit (events.js:117:20)
42 error     at IncomingMessage.<anonymous> (C:\Program Files (x86)\nodejs\node_modules\npm\node_modules\request\request.js:1096:12)
42 error     at IncomingMessage.emit (events.js:117:20)
42 error     at _stream_readable.js:943:16
42 error     at process._tickCallback (node.js:419:13)
43 error If you need help, you may report this *entire* log,
43 error including the npm and node versions, at:
43 error     <http://github.com/npm/npm/issues>
44 error System Windows_NT 6.2.9200
45 error command "C:\\Program Files (x86)\\nodejs\\\\node.exe" "C:\\Program Files (x86)\\nodejs\\node_modules\\npm\\bin\\npm-cli.js" "publish"
46 error cwd D:\Users\Scott\Source\Repos\jquery-gotop
47 error node -v v0.10.33
48 error npm -v 1.4.28
49 verbose exit [ 1, true ]
